>>> pr_int8_kl_1e5 --mode full_qat --base int8 --loss topk_kl --lr 1e-5 --bs 4
[init] R_rank=0.7981 frac0=0.8604 (n=4348)
[25] loss=0.0456 R_rank=0.9714 frac0=0.8305 (9s)
[50] loss=0.1007 R_rank=1.0076 frac0=0.8208 (20s)
[75] loss=0.0688 R_rank=0.9938 frac0=0.8236 (30s)
[100] loss=0.0615 R_rank=1.0452 frac0=0.8123 (41s)
[125] loss=0.0698 R_rank=1.0250 frac0=0.8174 (51s)
[150] loss=0.0640 R_rank=1.0582 frac0=0.8114 (62s)
[final] R_rank=1.0582 frac0=0.8114 best=0.7981
RESULT {"tag": "pr_int8_kl_1e5", "mode": "full_qat", "base": "int8", "loss": "topk_kl", "lr": 1e-05, "neartie": false, "init_rrank": 0.7980651075610109, "final_rrank": 1.0581639026691472, "best_rrank": 0.7980651075610109}

>>> pr_int8_kl_1e6 --mode full_qat --base int8 --loss topk_kl --lr 1e-6 --bs 4
[init] R_rank=0.7981 frac0=0.8604 (n=4348)
[25] loss=0.0353 R_rank=0.8115 frac0=0.8597 (10s)
[50] loss=0.0311 R_rank=0.8225 frac0=0.8551 (20s)
[75] loss=0.0364 R_rank=0.8011 frac0=0.8586 (31s)
[100] loss=0.0320 R_rank=0.8188 frac0=0.8544 (41s)
[125] loss=0.0301 R_rank=0.8144 frac0=0.8565 (51s)
[150] loss=0.0300 R_rank=0.8172 frac0=0.8563 (62s)
[final] R_rank=0.8172 frac0=0.8563 best=0.7981
RESULT {"tag": "pr_int8_kl_1e6", "mode": "full_qat", "base": "int8", "loss": "topk_kl", "lr": 1e-06, "neartie": false, "init_rrank": 0.7980651075610109, "final_rrank": 0.8171821847854522, "best_rrank": 0.7980651075610109}

>>> pr_int8_ce_1e5 --mode full_qat --base int8 --loss hard_ce --lr 1e-5 --bs 4
[init] R_rank=0.7981 frac0=0.8604 (n=4348)
[25] loss=0.6361 R_rank=1.5798 frac0=0.7118 (10s)
[50] loss=0.5374 R_rank=1.5067 frac0=0.7187 (20s)
[75] loss=0.6338 R_rank=1.5690 frac0=0.7056 (30s)
[100] loss=0.4818 R_rank=1.6140 frac0=0.6962 (41s)
[125] loss=0.5405 R_rank=1.5827 frac0=0.7008 (52s)
[150] loss=0.5699 R_rank=1.6207 frac0=0.6932 (62s)
[final] R_rank=1.6207 frac0=0.6932 best=0.7981
RESULT {"tag": "pr_int8_ce_1e5", "mode": "full_qat", "base": "int8", "loss": "hard_ce", "lr": 1e-05, "neartie": false, "init_rrank": 0.7980651075610109, "final_rrank": 1.6206887605450115, "best_rrank": 0.7980651075610109}

>>> pr_int8_bias_kl_1e4 --mode bias --base int8 --loss topk_kl --lr 1e-4 --bs 8 --max_steps 300 --eval_every 50
[init] R_rank=0.7981 frac0=0.8604 (n=4348)
Traceback (most recent call last):
torch.OutOfMemoryError: CUDA out of memory. Tried to allocate 1.92 GiB. GPU 0 has a total capacity of 23.53 GiB of which 1.24 GiB is free. Including non-PyTorch memory, this process has 22.28 GiB memory in use. Of the allocated memory 21.56 GiB is allocated by PyTorch, and 269.11 MiB is reserved by PyTorch but unallocated. If reserved but unallocated memory is large try setting PYTORCH_CUDA_ALLOC_CONF=expandable_segments:True to avoid fragmentation.  See documentation for Memory Management  (https://pytorch.org/docs/stable/notes/cuda.html#environment-variables)

PROBEDONE
